<?xml version="1.0" encoding="UTF-8"?>
<testsuite xmlns:xsi="http://www.w3.org/2001/XMLSchema-instance" xsi:noNamespaceSchemaLocation="https://maven.apache.org/surefire/maven-surefire-plugin/xsd/surefire-test-report-3.0.xsd" version="3.0" name="examples.ExamplesTest" time="3.096" tests="1" errors="0" skipped="0" failures="0">
  <properties>
[...]
</properties>
  <testcase name="testParallel" classname="examples.ExamplesTest" time="3.08">
    <system-out><![CDATA[19:48:01.733 [main] DEBUG com.intuit.karate.Suite - [config] classpath:karate-config.js
19:48:01.740 [main] INFO  com.intuit.karate.Suite - backed up existing 'target\karate-reports' dir to: target\karate-reports_1786668481737
19:48:02.679 [pool-2-thread-4] INFO  com.intuit.karate - karate.env system property was: null 
19:48:02.679 [pool-2-thread-1] INFO  com.intuit.karate - karate.env system property was: null 
19:48:02.679 [pool-2-thread-2] INFO  com.intuit.karate - karate.env system property was: null 
19:48:02.679 [pool-2-thread-5] INFO  com.intuit.karate - karate.env system property was: null 
19:48:02.679 [pool-2-thread-3] INFO  com.intuit.karate - karate.env system property was: null 
19:48:02.720 [pool-2-thread-1] INFO  com.intuit.karate - [print] la url es:  http://localhost:3000 
19:48:02.722 [pool-2-thread-1] INFO  com.intuit.karate - [print] el apiKey es:  123 
19:48:02.722 [pool-2-thread-1] INFO  com.intuit.karate - [print] el userId es:  90000 
19:48:02.987 [pool-2-thread-2] DEBUG com.intuit.karate - request:
1 > POST http://localhost:3000/pets
1 > Content-Type: application/json; charset=UTF-8
1 > Content-Length: 40
1 > Host: localhost:3000
1 > Connection: Keep-Alive
1 > User-Agent: Apache-HttpClient/4.5.14 (Java/21)
1 > Accept-Encoding: gzip,deflate
{"name":"Bingo3","type":"Perro","age":1}

19:48:02.987 [pool-2-thread-5] DEBUG com.intuit.karate - request:
1 > POST http://localhost:3000/pets
1 > Content-Type: application/json; charset=UTF-8
1 > Content-Length: 40
1 > Host: localhost:3000
1 > Connection: Keep-Alive
1 > User-Agent: Apache-HttpClient/4.5.14 (Java/21)
1 > Accept-Encoding: gzip,deflate
{"name":"Bingo3","type":"Perro","age":1}

19:48:02.987 [pool-2-thread-1] DEBUG com.intuit.karate - request:
1 > POST http://localhost:3000/pets
1 > Content-Type: application/json; charset=UTF-8
1 > Content-Length: 40
1 > Host: localhost:3000
1 > Connection: Keep-Alive
1 > User-Agent: Apache-HttpClient/4.5.14 (Java/21)
1 > Accept-Encoding: gzip,deflate
{"name":"Bingo3","type":"Perro","age":1}

19:48:02.987 [pool-2-thread-4] DEBUG com.intuit.karate - request:
1 > POST http://localhost:3000/pets
1 > Content-Type: application/json; charset=UTF-8
1 > Content-Length: 40
1 > Host: localhost:3000
1 > Connection: Keep-Alive
1 > User-Agent: Apache-HttpClient/4.5.14 (Java/21)
1 > Accept-Encoding: gzip,deflate
{"name":"Bingo3","type":"Perro","age":1}

19:48:02.987 [pool-2-thread-3] DEBUG com.intuit.karate - request:
1 > POST http://localhost:3000/pets
1 > Content-Type: application/json; charset=UTF-8
1 > Content-Length: 40
1 > Host: localhost:3000
1 > Connection: Keep-Alive
1 > User-Agent: Apache-HttpClient/4.5.14 (Java/21)
1 > Accept-Encoding: gzip,deflate
{"name":"Bingo3","type":"Perro","age":1}

19:48:03.015 [pool-2-thread-4] DEBUG com.intuit.karate - response time in milliseconds: 28
1 < 201
1 < X-Powered-By: Express
1 < Content-Type: application/json; charset=utf-8
1 < Content-Length: 111
1 < ETag: W/"6f-DEdpWJVObHZUNsD9u4aaZTVP0aw"
1 < Date: Fri, 14 Aug 2026 00:48:03 GMT
1 < Connection: keep-alive
1 < Keep-Alive: timeout=5
{"status":"success","message":"Pet created","data":{"id":1786668483010,"name":"Bingo3","type":"Perro","age":1}}

19:48:03.025 [pool-2-thread-2] DEBUG com.intuit.karate - response time in milliseconds: 28
1 < 201
1 < X-Powered-By: Express
1 < Content-Type: application/json; charset=utf-8
1 < Content-Length: 111
1 < ETag: W/"6f-2vNxBW+l9FScK3NDbDQ+GrB5LCk"
1 < Date: Fri, 14 Aug 2026 00:48:03 GMT
1 < Connection: keep-alive
1 < Keep-Alive: timeout=5
{"status":"success","message":"Pet created","data":{"id":1786668483023,"name":"Bingo3","type":"Perro","age":1}}

19:48:03.035 [pool-2-thread-3] DEBUG com.intuit.karate - response time in milliseconds: 48
1 < 201
1 < X-Powered-By: Express
1 < Content-Type: application/json; charset=utf-8
1 < Content-Length: 111
1 < ETag: W/"6f-ewOGQlSANy2MtbJA5UOzfYhodJA"
1 < Date: Fri, 14 Aug 2026 00:48:03 GMT
1 < Connection: keep-alive
1 < Keep-Alive: timeout=5
{"status":"success","message":"Pet created","data":{"id":1786668483033,"name":"Bingo3","type":"Perro","age":1}}

19:48:03.042 [pool-2-thread-2] DEBUG com.intuit.karate - request:
2 > GET http://localhost:3000/pets/1786668483023
2 > Host: localhost:3000
2 > Connection: Keep-Alive
2 > User-Agent: Apache-HttpClient/4.5.14 (Java/21)
2 > Accept-Encoding: gzip,deflate


19:48:03.042 [pool-2-thread-4] DEBUG com.intuit.karate - request:
2 > PATCH http://localhost:3000/pets/1786668483010
2 > Content-Type: application/json; charset=UTF-8
2 > Content-Length: 16
2 > Host: localhost:3000
2 > Connection: Keep-Alive
2 > User-Agent: Apache-HttpClient/4.5.14 (Java/21)
2 > Accept-Encoding: gzip,deflate
{"name":"Bluey"}

19:48:03.042 [pool-2-thread-3] DEBUG com.intuit.karate - request:
2 > PUT http://localhost:3000/pets/1786668483033
2 > Content-Type: application/json; charset=UTF-8
2 > Content-Length: 40
2 > Host: localhost:3000
2 > Connection: Keep-Alive
2 > User-Agent: Apache-HttpClient/4.5.14 (Java/21)
2 > Accept-Encoding: gzip,deflate
{"name":"Bingo8","type":"Gato","age":10}

19:48:03.047 [pool-2-thread-1] DEBUG com.intuit.karate - response time in milliseconds: 60
1 < 201
1 < X-Powered-By: Express
1 < Content-Type: application/json; charset=utf-8
1 < Content-Length: 111
1 < ETag: W/"6f-0e6gABG99IdkKAzVLICBERLbElA"
1 < Date: Fri, 14 Aug 2026 00:48:03 GMT
1 < Connection: keep-alive
1 < Keep-Alive: timeout=5
{"status":"success","message":"Pet created","data":{"id":1786668483049,"name":"Bingo3","type":"Perro","age":1}}

19:48:03.058 [pool-2-thread-5] DEBUG com.intuit.karate - response time in milliseconds: 71
1 < 201
1 < X-Powered-By: Express
1 < Content-Type: application/json; charset=utf-8
1 < Content-Length: 111
1 < ETag: W/"6f-cT4GXdSYvkn+Me9CGtH8+5KuPk8"
1 < Date: Fri, 14 Aug 2026 00:48:03 GMT
1 < Connection: keep-alive
1 < Keep-Alive: timeout=5
{"status":"success","message":"Pet created","data":{"id":1786668483057,"name":"Bingo3","type":"Perro","age":1}}

19:48:03.060 [pool-2-thread-5] DEBUG com.intuit.karate - request:
2 > DELETE http://localhost:3000/pets/1786668483057
2 > Host: localhost:3000
2 > Connection: Keep-Alive
2 > User-Agent: Apache-HttpClient/4.5.14 (Java/21)
2 > Accept-Encoding: gzip,deflate


19:48:03.067 [pool-2-thread-3] DEBUG com.intuit.karate - response time in milliseconds: 25
2 < 200
2 < X-Powered-By: Express
2 < Content-Type: application/json; charset=utf-8
2 < Content-Length: 111
2 < ETag: W/"6f-BvVWz4kss29TzNPUu80Eg7jfbR8"
2 < Date: Fri, 14 Aug 2026 00:48:03 GMT
2 < Connection: keep-alive
2 < Keep-Alive: timeout=5
{"status":"success","message":"Pet updated","data":{"id":1786668483033,"name":"Bingo8","type":"Gato","age":10}}

19:48:03.067 [pool-2-thread-1] INFO  com.intuit.karate - karate.env system property was: null 
19:48:03.079 [pool-2-thread-2] DEBUG com.intuit.karate - response time in milliseconds: 37
2 < 200
2 < X-Powered-By: Express
2 < Content-Type: application/json; charset=utf-8
2 < Content-Length: 109
2 < ETag: W/"6d-uLrtiTqDyrHinSFXrcg51U4hfSQ"
2 < Date: Fri, 14 Aug 2026 00:48:03 GMT
2 < Connection: keep-alive
2 < Keep-Alive: timeout=5
{"status":"success","message":"Pet found","data":{"id":1786668483023,"name":"Bingo3","type":"Perro","age":1}}

19:48:03.079 [pool-2-thread-3] INFO  com.intuit.karate - karate.env system property was: null 
19:48:03.079 [pool-2-thread-4] DEBUG com.intuit.karate - response time in milliseconds: 37
2 < 200
2 < X-Powered-By: Express
2 < Content-Type: application/json; charset=utf-8
2 < Content-Length: 123
2 < ETag: W/"7b-zz+S6x7Do4CYzTdfLqUIuim1KCU"
2 < Date: Fri, 14 Aug 2026 00:48:03 GMT
2 < Connection: keep-alive
2 < Keep-Alive: timeout=5
{"status":"success","message":"Pet updated successfully","data":{"id":1786668483010,"name":"Bluey","type":"Perro","age":1}}

19:48:03.087 [pool-2-thread-2] INFO  com.intuit.karate - karate.env system property was: null 
19:48:03.090 [pool-2-thread-1] DEBUG com.intuit.karate - request:
1 > GET http://localhost:3000/protected-basic
1 > Authorization: Basic YWRtaW46cGFzc3dvcmQxMjM=
1 > Host: localhost:3000
1 > Connection: Keep-Alive
1 > User-Agent: Apache-HttpClient/4.5.14 (Java/21)
1 > Accept-Encoding: gzip,deflate


19:48:03.090 [pool-2-thread-3] DEBUG com.intuit.karate - request:
1 > GET http://localhost:3000/protected-basic
1 > Authorization: Basic YWRtaW46cGFzc3dvcmQxMjQ=
1 > Host: localhost:3000
1 > Connection: Keep-Alive
1 > User-Agent: Apache-HttpClient/4.5.14 (Java/21)
1 > Accept-Encoding: gzip,deflate


19:48:03.090 [pool-2-thread-5] DEBUG com.intuit.karate - response time in milliseconds: 30
2 < 204
2 < X-Powered-By: Express
2 < ETag: W/"38-wb8iw8b8FsxeeJAkWfcWHgal72I"
2 < Date: Fri, 14 Aug 2026 00:48:03 GMT
2 < Connection: keep-alive
2 < Keep-Alive: timeout=5


19:48:03.090 [pool-2-thread-2] DEBUG com.intuit.karate - request:
1 > POST http://localhost:3000/login
1 > Content-Type: application/json; charset=UTF-8
1 > Content-Length: 25
1 > Host: localhost:3000
1 > Connection: Keep-Alive
1 > User-Agent: Apache-HttpClient/4.5.14 (Java/21)
1 > Accept-Encoding: gzip,deflate
{"username":"automation"}

19:48:03.090 [pool-2-thread-1] DEBUG com.intuit.karate - response time in milliseconds: 0
1 < 200
1 < X-Powered-By: Express
1 < Content-Type: text/html; charset=utf-8
1 < Content-Length: 52
1 < ETag: W/"34-5hLxTCL454xXrj8Ihw5i3VJ+tlg"
1 < Date: Fri, 14 Aug 2026 00:48:03 GMT
1 < Connection: keep-alive
1 < Keep-Alive: timeout=5
Hello admin, you have accessed a protected endpoint!

19:48:03.090 [pool-2-thread-2] DEBUG com.intuit.karate - response time in milliseconds: 0
1 < 200
1 < X-Powered-By: Express
1 < Content-Type: application/json; charset=utf-8
1 < Content-Length: 206
1 < ETag: W/"ce-lg4PO3KIDN7nuaFWcPMUW1fQ0hk"
1 < Date: Fri, 14 Aug 2026 00:48:03 GMT
1 < Connection: keep-alive
1 < Keep-Alive: timeout=5
{"status":"success","message":"Token generated","data":{"accessToken":"eyJhbGciOiJIUzI1NiIsInR5cCI6IkpXVCJ9.eyJuYW1lIjoiYXV0b21hdGlvbiIsImlhdCI6MTc4NjY2ODQ4M30.J55Ijv1EwPHSMt8Lz2oL8l845-Cd8YZ6hbd71_wUpOY"}}

19:48:03.095 [pool-2-thread-3] DEBUG com.intuit.karate - response time in milliseconds: 5
1 < 401
1 < X-Powered-By: Express
1 < WWW-Authenticate: Basic realm="example"
1 < Content-Type: text/plain; charset=utf-8
1 < Content-Length: 12
1 < ETag: W/"c-dAuDFQrdjS3hezqxDTNgW7AOlYk"
1 < Date: Fri, 14 Aug 2026 00:48:03 GMT
1 < Connection: keep-alive
1 < Keep-Alive: timeout=5
Unauthorized

19:48:03.097 [pool-2-thread-2] DEBUG com.intuit.karate - request:
2 > GET http://localhost:3000/protected-bearer
2 > Authorization: Bearer eyJhbGciOiJIUzI1NiIsInR5cCI6IkpXVCJ9.eyJuYW1lIjoiYXV0b21hdGlvbiIsImlhdCI6MTc4NjY2ODQ4M30.J55Ijv1EwPHSMt8Lz2oL8l845-Cd8YZ6hbd71_wUpOY
2 > Host: localhost:3000
2 > Connection: Keep-Alive
2 > User-Agent: Apache-HttpClient/4.5.14 (Java/21)
2 > Accept-Encoding: gzip,deflate


19:48:03.101 [pool-2-thread-2] DEBUG com.intuit.karate - response time in milliseconds: 0
2 < 200
2 < X-Powered-By: Express
2 < Content-Type: text/html; charset=utf-8
2 < Content-Length: 57
2 < ETag: W/"39-T/2gA1KPPGj1Zs8TUFoCRZwYXuM"
2 < Date: Fri, 14 Aug 2026 00:48:03 GMT
2 < Connection: keep-alive
2 < Keep-Alive: timeout=5
Hello automation, you have accessed a protected endpoint!

---------------------------------------------------------
feature: classpath:examples/pets/pets.feature
scenarios:  8 | passed:  8 | failed:  0 | time: 1.8495
---------------------------------------------------------

19:48:03.705 [pool-3-thread-1] INFO  com.intuit.karate.Suite - <<pass>> feature 1 of 1 (0 remaining) classpath:examples/pets/pets.feature
Karate version: 1.5.0
======================================================
elapsed:   2.69 | threads:    5 | thread time: 1.85 
features:     1 | skipped:    0 | efficiency: 0.14
scenarios:    8 | passed:     8 | failed: 0
======================================================

HTML report: (paste into browser to view) | Karate version: 1.5.0
file:///C:/Users/BRAYAMS/Downloads/api-karate-test-automation/target/karate-reports/karate-summary.html
===================================================================

]]></system-out>
  </testcase>
</testsuite>